This mapping 'snapshot_20161220' was designed for MC 1.11! Use at your own peril.This mapping 'snapshot_20161220' was designed for MC 1.11! Use at your own peril.

:deobfCompileDummyTask
:getVersionJson
:extractUserdev UP-TO-DATE
:downloadClient SKIPPED
:downloadServer SKIPPED
:splitServerJar SKIPPED
:mergeJars SKIPPED
:applyBinaryPatches SKIPPED
:deobfProvidedDummyTask
:extractDependencyATs SKIPPED
:extractMcpData SKIPPED
:extractMcpMappings SKIPPED
:genSrgs SKIPPED
:deobfMcMCP SKIPPED
:sourceApiJava UP-TO-DATE
:compileApiJava UP-TO-DATE
:processApiResources UP-TO-DATE
:apiClasses UP-TO-DATE
:sourceMainJava UP-TO-DATE
:compileJava
Download https://libraries.minecraft.net/com/mojang/realms/1.10.9/realms-1.10.9.pom
Download https://libraries.minecraft.net/com/mojang/realms/1.10.9/realms-1.10.9.jar
warning: [options] bootstrap class path not set in conjunction with -source 1.6
1 warning
:processResources
:classes
:jar
:sourceTestJava UP-TO-DATE
:compileTestJava UP-TO-DATE
:processTestResources UP-TO-DATE
:testClasses UP-TO-DATE
:test UP-TO-DATE
:reobfJar
:assemble
:check UP-TO-DATE
:build

BUILD SUCCESSFUL

Total time: 23.303 secs
