[21:47:31] [main/INFO] [GradleStart]: username: anthonymendez9@gmail.com
[21:47:31] [main/INFO] [GradleStart]: Extra: []
[21:47:31] [main/INFO] [GradleStart]: Password found, attempting login
[21:47:33] [main/INFO] [GradleStart]: Login Succesful!
[21:47:33] [main/INFO] [GradleStart]: Running with arguments: [--userProperties, [], --assetsDir, C:/Users/AnthonyMLaptop/.gradle/caches/minecraft/assets, --assetIndex, 1.11, --userType, mojang, --accessToken{REDACTED}, --version, 1.11.2, --uuid, 662a4856593c412ea148acf5d829ef56, --username, Tony_De_Tiger, --tweakClass, net.minecraftforge.fml.common.launcher.FMLTweaker, --tweakClass, net.minecraftforge.gradle.tweakers.CoremodTweaker]
[21:47:33] [main/INFO] [LaunchWrapper]: Loading tweak class name net.minecraftforge.fml.common.launcher.FMLTweaker
[21:47:33] [main/INFO] [LaunchWrapper]: Using primary tweak class name net.minecraftforge.fml.common.launcher.FMLTweaker
[21:47:33] [main/INFO] [LaunchWrapper]: Loading tweak class name net.minecraftforge.gradle.tweakers.CoremodTweaker
[21:47:33] [main/INFO] [LaunchWrapper]: Calling tweak class net.minecraftforge.fml.common.launcher.FMLTweaker
[22:51:14] [main/INFO] [GradleStart]: username: anthonymendez9@gmail.com
[22:51:14] [main/INFO] [GradleStart]: Extra: []
[22:51:14] [main/INFO] [GradleStart]: Password found, attempting login
[22:51:15] [main/INFO] [GradleStart]: Login Succesful!
[22:51:15] [main/INFO] [GradleStart]: Running with arguments: [--userProperties, [], --assetsDir, C:/Users/AnthonyMLaptop/.gradle/caches/minecraft/assets, --assetIndex, 1.11, --userType, mojang, --accessToken{REDACTED}, --version, 1.11.2, --uuid, 662a4856593c412ea148acf5d829ef56, --username, Tony_De_Tiger, --tweakClass, net.minecraftforge.fml.common.launcher.FMLTweaker, --tweakClass, net.minecraftforge.gradle.tweakers.CoremodTweaker]
[22:51:15] [main/INFO] [LaunchWrapper]: Loading tweak class name net.minecraftforge.fml.common.launcher.FMLTweaker
[22:51:15] [main/INFO] [LaunchWrapper]: Using primary tweak class name net.minecraftforge.fml.common.launcher.FMLTweaker
[22:51:15] [main/INFO] [LaunchWrapper]: Loading tweak class name net.minecraftforge.gradle.tweakers.CoremodTweaker
[22:51:15] [main/INFO] [LaunchWrapper]: Calling tweak class net.minecraftforge.fml.common.launcher.FMLTweaker
[23:07:18] [main/INFO] [GradleStart]: username: anthonymendez9@gmail.com
[23:07:18] [main/INFO] [GradleStart]: Extra: []
[23:07:18] [main/INFO] [GradleStart]: Password found, attempting login
[23:07:19] [main/INFO] [GradleStart]: Login Succesful!
[23:07:19] [main/INFO] [GradleStart]: Running with arguments: [--userProperties, [], --assetsDir, C:/Users/AnthonyMLaptop/.gradle/caches/minecraft/assets, --assetIndex, 1.11, --userType, mojang, --accessToken{REDACTED}, --version, 1.11.2, --uuid, 662a4856593c412ea148acf5d829ef56, --username, Tony_De_Tiger, --tweakClass, net.minecraftforge.fml.common.launcher.FMLTweaker, --tweakClass, net.minecraftforge.gradle.tweakers.CoremodTweaker]
[23:07:19] [main/INFO] [LaunchWrapper]: Loading tweak class name net.minecraftforge.fml.common.launcher.FMLTweaker
[23:07:19] [main/INFO] [LaunchWrapper]: Using primary tweak class name net.minecraftforge.fml.common.launcher.FMLTweaker
[23:07:19] [main/INFO] [LaunchWrapper]: Loading tweak class name net.minecraftforge.gradle.tweakers.CoremodTweaker
[23:07:19] [main/INFO] [LaunchWrapper]: Calling tweak class net.minecraftforge.fml.common.launcher.FMLTweaker
[23:11:39] [main/INFO] [GradleStart]: username: anthonymendez9@gmail.com
[23:11:39] [main/INFO] [GradleStart]: Extra: []
[23:11:39] [main/INFO] [GradleStart]: Password found, attempting login
[23:11:41] [main/INFO] [GradleStart]: Login Succesful!
[23:11:41] [main/INFO] [GradleStart]: Running with arguments: [--userProperties, [], --assetsDir, C:/Users/AnthonyMLaptop/.gradle/caches/minecraft/assets, --assetIndex, 1.11, --userType, mojang, --accessToken{REDACTED}, --version, 1.11.2, --uuid, 662a4856593c412ea148acf5d829ef56, --username, Tony_De_Tiger, --tweakClass, net.minecraftforge.fml.common.launcher.FMLTweaker, --tweakClass, net.minecraftforge.gradle.tweakers.CoremodTweaker]
[23:11:41] [main/INFO] [LaunchWrapper]: Loading tweak class name net.minecraftforge.fml.common.launcher.FMLTweaker
[23:11:41] [main/INFO] [LaunchWrapper]: Using primary tweak class name net.minecraftforge.fml.common.launcher.FMLTweaker
[23:11:41] [main/INFO] [LaunchWrapper]: Loading tweak class name net.minecraftforge.gradle.tweakers.CoremodTweaker
[23:11:41] [main/INFO] [LaunchWrapper]: Calling tweak class net.minecraftforge.fml.common.launcher.FMLTweaker
[17:34:23] [main/INFO] [GradleStart]: username: anthonymendez9@gmail.com
[17:34:23] [main/INFO] [GradleStart]: Extra: []
[17:34:23] [main/INFO] [GradleStart]: Password found, attempting login
[17:34:25] [main/INFO] [GradleStart]: Login Succesful!
[17:34:26] [main/INFO] [GradleStart]: Running with arguments: [--userProperties, [], --assetsDir, C:/Users/AnthonyMLaptop/.gradle/caches/minecraft/assets, --assetIndex, 1.11, --userType, mojang, --accessToken{REDACTED}, --version, 1.11.2, --uuid, 662a4856593c412ea148acf5d829ef56, --username, Tony_De_Tiger, --tweakClass, net.minecraftforge.fml.common.launcher.FMLTweaker, --tweakClass, net.minecraftforge.gradle.tweakers.CoremodTweaker]
[17:34:26] [main/INFO] [LaunchWrapper]: Loading tweak class name net.minecraftforge.fml.common.launcher.FMLTweaker
[17:34:26] [main/INFO] [LaunchWrapper]: Using primary tweak class name net.minecraftforge.fml.common.launcher.FMLTweaker
[17:34:26] [main/INFO] [LaunchWrapper]: Loading tweak class name net.minecraftforge.gradle.tweakers.CoremodTweaker
[17:34:26] [main/INFO] [LaunchWrapper]: Calling tweak class net.minecraftforge.fml.common.launcher.FMLTweaker
[17:43:25] [main/INFO] [GradleStart]: username: anthonymendez9@gmail.com
[17:43:25] [main/INFO] [GradleStart]: Extra: []
[17:43:25] [main/INFO] [GradleStart]: Password found, attempting login
[17:43:27] [main/INFO] [GradleStart]: Login Succesful!
[17:43:27] [main/INFO] [GradleStart]: Running with arguments: [--userProperties, [], --assetsDir, C:/Users/AnthonyMLaptop/.gradle/caches/minecraft/assets, --assetIndex, 1.11, --userType, mojang, --accessToken{REDACTED}, --version, 1.11.2, --uuid, 662a4856593c412ea148acf5d829ef56, --username, Tony_De_Tiger, --tweakClass, net.minecraftforge.fml.common.launcher.FMLTweaker, --tweakClass, net.minecraftforge.gradle.tweakers.CoremodTweaker]
[17:43:27] [main/INFO] [LaunchWrapper]: Loading tweak class name net.minecraftforge.fml.common.launcher.FMLTweaker
[17:43:27] [main/INFO] [LaunchWrapper]: Using primary tweak class name net.minecraftforge.fml.common.launcher.FMLTweaker
[17:43:27] [main/INFO] [LaunchWrapper]: Loading tweak class name net.minecraftforge.gradle.tweakers.CoremodTweaker
[17:43:27] [main/INFO] [LaunchWrapper]: Calling tweak class net.minecraftforge.fml.common.launcher.FMLTweaker
[17:50:07] [main/INFO] [GradleStart]: username: anthonymendez9@gmail.com
[17:50:07] [main/INFO] [GradleStart]: Extra: []
[17:50:07] [main/INFO] [GradleStart]: Password found, attempting login
[17:50:09] [main/INFO] [GradleStart]: Login Succesful!
[17:50:10] [main/INFO] [GradleStart]: Running with arguments: [--userProperties, [], --assetsDir, C:/Users/AnthonyMLaptop/.gradle/caches/minecraft/assets, --assetIndex, 1.11, --userType, mojang, --accessToken{REDACTED}, --version, 1.11.2, --uuid, 662a4856593c412ea148acf5d829ef56, --username, Tony_De_Tiger, --tweakClass, net.minecraftforge.fml.common.launcher.FMLTweaker, --tweakClass, net.minecraftforge.gradle.tweakers.CoremodTweaker]
[17:50:10] [main/INFO] [LaunchWrapper]: Loading tweak class name net.minecraftforge.fml.common.launcher.FMLTweaker
[17:50:10] [main/INFO] [LaunchWrapper]: Using primary tweak class name net.minecraftforge.fml.common.launcher.FMLTweaker
[17:50:10] [main/INFO] [LaunchWrapper]: Loading tweak class name net.minecraftforge.gradle.tweakers.CoremodTweaker
[17:50:10] [main/INFO] [LaunchWrapper]: Calling tweak class net.minecraftforge.fml.common.launcher.FMLTweaker
[17:53:53] [main/INFO] [GradleStart]: username: anthonymendez9@gmail.com
[17:53:53] [main/INFO] [GradleStart]: Extra: []
[17:53:53] [main/INFO] [GradleStart]: Password found, attempting login
[17:53:54] [main/INFO] [GradleStart]: Login Succesful!
[17:53:54] [main/INFO] [GradleStart]: Running with arguments: [--userProperties, [], --assetsDir, C:/Users/AnthonyMLaptop/.gradle/caches/minecraft/assets, --assetIndex, 1.11, --userType, mojang, --accessToken{REDACTED}, --version, 1.11.2, --uuid, 662a4856593c412ea148acf5d829ef56, --username, Tony_De_Tiger, --tweakClass, net.minecraftforge.fml.common.launcher.FMLTweaker, --tweakClass, net.minecraftforge.gradle.tweakers.CoremodTweaker]
[17:53:54] [main/INFO] [LaunchWrapper]: Loading tweak class name net.minecraftforge.fml.common.launcher.FMLTweaker
[17:53:54] [main/INFO] [LaunchWrapper]: Using primary tweak class name net.minecraftforge.fml.common.launcher.FMLTweaker
[17:53:54] [main/INFO] [LaunchWrapper]: Loading tweak class name net.minecraftforge.gradle.tweakers.CoremodTweaker
[17:53:54] [main/INFO] [LaunchWrapper]: Calling tweak class net.minecraftforge.fml.common.launcher.FMLTweaker
[17:58:03] [main/INFO] [GradleStart]: username: anthonymendez9@gmail.com
[17:58:03] [main/INFO] [GradleStart]: Extra: []
[17:58:03] [main/INFO] [GradleStart]: Password found, attempting login
[17:58:07] [main/INFO] [GradleStart]: Login Succesful!
[17:58:07] [main/INFO] [GradleStart]: Running with arguments: [--userProperties, [], --assetsDir, C:/Users/AnthonyMLaptop/.gradle/caches/minecraft/assets, --assetIndex, 1.11, --userType, mojang, --accessToken{REDACTED}, --version, 1.11.2, --uuid, 662a4856593c412ea148acf5d829ef56, --username, Tony_De_Tiger, --tweakClass, net.minecraftforge.fml.common.launcher.FMLTweaker, --tweakClass, net.minecraftforge.gradle.tweakers.CoremodTweaker]
[17:58:07] [main/INFO] [LaunchWrapper]: Loading tweak class name net.minecraftforge.fml.common.launcher.FMLTweaker
[17:58:07] [main/INFO] [LaunchWrapper]: Using primary tweak class name net.minecraftforge.fml.common.launcher.FMLTweaker
[17:58:07] [main/INFO] [LaunchWrapper]: Loading tweak class name net.minecraftforge.gradle.tweakers.CoremodTweaker
[17:58:07] [main/INFO] [LaunchWrapper]: Calling tweak class net.minecraftforge.fml.common.launcher.FMLTweaker
[18:02:48] [main/INFO] [GradleStart]: username: anthonymendez9@gmail.com
[18:02:48] [main/INFO] [GradleStart]: Extra: []
[18:02:48] [main/INFO] [GradleStart]: Password found, attempting login
[18:02:50] [main/INFO] [GradleStart]: Login Succesful!
[18:02:50] [main/INFO] [GradleStart]: Running with arguments: [--userProperties, [], --assetsDir, C:/Users/AnthonyMLaptop/.gradle/caches/minecraft/assets, --assetIndex, 1.11, --userType, mojang, --accessToken{REDACTED}, --version, 1.11.2, --uuid, 662a4856593c412ea148acf5d829ef56, --username, Tony_De_Tiger, --tweakClass, net.minecraftforge.fml.common.launcher.FMLTweaker, --tweakClass, net.minecraftforge.gradle.tweakers.CoremodTweaker]
[18:02:50] [main/INFO] [LaunchWrapper]: Loading tweak class name net.minecraftforge.fml.common.launcher.FMLTweaker
[18:02:50] [main/INFO] [LaunchWrapper]: Using primary tweak class name net.minecraftforge.fml.common.launcher.FMLTweaker
[18:02:50] [main/INFO] [LaunchWrapper]: Loading tweak class name net.minecraftforge.gradle.tweakers.CoremodTweaker
[18:02:50] [main/INFO] [LaunchWrapper]: Calling tweak class net.minecraftforge.fml.common.launcher.FMLTweaker
[18:07:23] [main/INFO] [GradleStart]: username: anthonymendez9@gmail.com
[18:07:23] [main/INFO] [GradleStart]: Extra: []
[18:07:23] [main/INFO] [GradleStart]: Password found, attempting login
[18:07:27] [main/INFO] [GradleStart]: Login Succesful!
[18:07:28] [main/INFO] [GradleStart]: Running with arguments: [--userProperties, [], --assetsDir, C:/Users/AnthonyMLaptop/.gradle/caches/minecraft/assets, --assetIndex, 1.11, --userType, mojang, --accessToken{REDACTED}, --version, 1.11.2, --uuid, 662a4856593c412ea148acf5d829ef56, --username, Tony_De_Tiger, --tweakClass, net.minecraftforge.fml.common.launcher.FMLTweaker, --tweakClass, net.minecraftforge.gradle.tweakers.CoremodTweaker]
[18:07:28] [main/INFO] [LaunchWrapper]: Loading tweak class name net.minecraftforge.fml.common.launcher.FMLTweaker
[18:07:28] [main/INFO] [LaunchWrapper]: Using primary tweak class name net.minecraftforge.fml.common.launcher.FMLTweaker
[18:07:28] [main/INFO] [LaunchWrapper]: Loading tweak class name net.minecraftforge.gradle.tweakers.CoremodTweaker
[18:07:28] [main/INFO] [LaunchWrapper]: Calling tweak class net.minecraftforge.fml.common.launcher.FMLTweaker
[18:12:36] [main/INFO] [GradleStart]: username: anthonymendez9@gmail.com
[18:12:36] [main/INFO] [GradleStart]: Extra: []
[18:12:36] [main/INFO] [GradleStart]: Password found, attempting login
[18:12:37] [main/INFO] [GradleStart]: Login Succesful!
[18:12:37] [main/INFO] [GradleStart]: Running with arguments: [--userProperties, [], --assetsDir, C:/Users/AnthonyMLaptop/.gradle/caches/minecraft/assets, --assetIndex, 1.11, --userType, mojang, --accessToken{REDACTED}, --version, 1.11.2, --uuid, 662a4856593c412ea148acf5d829ef56, --username, Tony_De_Tiger, --tweakClass, net.minecraftforge.fml.common.launcher.FMLTweaker, --tweakClass, net.minecraftforge.gradle.tweakers.CoremodTweaker]
[18:12:37] [main/INFO] [LaunchWrapper]: Loading tweak class name net.minecraftforge.fml.common.launcher.FMLTweaker
[18:12:37] [main/INFO] [LaunchWrapper]: Using primary tweak class name net.minecraftforge.fml.common.launcher.FMLTweaker
[18:12:37] [main/INFO] [LaunchWrapper]: Loading tweak class name net.minecraftforge.gradle.tweakers.CoremodTweaker
[18:12:37] [main/INFO] [LaunchWrapper]: Calling tweak class net.minecraftforge.fml.common.launcher.FMLTweaker
[18:16:47] [main/INFO] [GradleStart]: username: anthonymendez9@gmail.com
[18:16:47] [main/INFO] [GradleStart]: Extra: []
[18:16:47] [main/INFO] [GradleStart]: Password found, attempting login
[18:16:48] [main/INFO] [GradleStart]: Login Succesful!
[18:16:48] [main/INFO] [GradleStart]: Running with arguments: [--userProperties, [], --assetsDir, C:/Users/AnthonyMLaptop/.gradle/caches/minecraft/assets, --assetIndex, 1.11, --userType, mojang, --accessToken{REDACTED}, --version, 1.11.2, --uuid, 662a4856593c412ea148acf5d829ef56, --username, Tony_De_Tiger, --tweakClass, net.minecraftforge.fml.common.launcher.FMLTweaker, --tweakClass, net.minecraftforge.gradle.tweakers.CoremodTweaker]
[18:16:48] [main/INFO] [LaunchWrapper]: Loading tweak class name net.minecraftforge.fml.common.launcher.FMLTweaker
[18:16:48] [main/INFO] [LaunchWrapper]: Using primary tweak class name net.minecraftforge.fml.common.launcher.FMLTweaker
[18:16:48] [main/INFO] [LaunchWrapper]: Loading tweak class name net.minecraftforge.gradle.tweakers.CoremodTweaker
[18:16:48] [main/INFO] [LaunchWrapper]: Calling tweak class net.minecraftforge.fml.common.launcher.FMLTweaker
[18:20:09] [main/INFO] [GradleStart]: username: anthonymendez9@gmail.com
[18:20:09] [main/INFO] [GradleStart]: Extra: []
[18:20:09] [main/INFO] [GradleStart]: Password found, attempting login
[18:20:13] [main/INFO] [GradleStart]: Login Succesful!
[18:20:14] [main/INFO] [GradleStart]: Running with arguments: [--userProperties, [], --assetsDir, C:/Users/AnthonyMLaptop/.gradle/caches/minecraft/assets, --assetIndex, 1.11, --userType, mojang, --accessToken{REDACTED}, --version, 1.11.2, --uuid, 662a4856593c412ea148acf5d829ef56, --username, Tony_De_Tiger, --tweakClass, net.minecraftforge.fml.common.launcher.FMLTweaker, --tweakClass, net.minecraftforge.gradle.tweakers.CoremodTweaker]
[18:20:14] [main/INFO] [LaunchWrapper]: Loading tweak class name net.minecraftforge.fml.common.launcher.FMLTweaker
[18:20:14] [main/INFO] [LaunchWrapper]: Using primary tweak class name net.minecraftforge.fml.common.launcher.FMLTweaker
[18:20:14] [main/INFO] [LaunchWrapper]: Loading tweak class name net.minecraftforge.gradle.tweakers.CoremodTweaker
[18:20:14] [main/INFO] [LaunchWrapper]: Calling tweak class net.minecraftforge.fml.common.launcher.FMLTweaker
[18:29:18] [main/INFO] [GradleStart]: username: anthonymendez9@gmail.com
[18:29:18] [main/INFO] [GradleStart]: Extra: []
[18:29:18] [main/INFO] [GradleStart]: Password found, attempting login
[18:29:20] [main/INFO] [GradleStart]: Login Succesful!
[18:29:20] [main/INFO] [GradleStart]: Running with arguments: [--userProperties, [], --assetsDir, C:/Users/AnthonyMLaptop/.gradle/caches/minecraft/assets, --assetIndex, 1.11, --userType, mojang, --accessToken{REDACTED}, --version, 1.11.2, --uuid, 662a4856593c412ea148acf5d829ef56, --username, Tony_De_Tiger, --tweakClass, net.minecraftforge.fml.common.launcher.FMLTweaker, --tweakClass, net.minecraftforge.gradle.tweakers.CoremodTweaker]
[18:29:20] [main/INFO] [LaunchWrapper]: Loading tweak class name net.minecraftforge.fml.common.launcher.FMLTweaker
[18:29:20] [main/INFO] [LaunchWrapper]: Using primary tweak class name net.minecraftforge.fml.common.launcher.FMLTweaker
[18:29:20] [main/INFO] [LaunchWrapper]: Loading tweak class name net.minecraftforge.gradle.tweakers.CoremodTweaker
[18:29:20] [main/INFO] [LaunchWrapper]: Calling tweak class net.minecraftforge.fml.common.launcher.FMLTweaker
[18:34:10] [main/INFO] [GradleStart]: username: anthonymendez9@gmail.com
[18:34:10] [main/INFO] [GradleStart]: Extra: []
[18:34:10] [main/INFO] [GradleStart]: Password found, attempting login
[18:34:11] [main/INFO] [GradleStart]: Login Succesful!
[18:34:11] [main/INFO] [GradleStart]: Running with arguments: [--userProperties, [], --assetsDir, C:/Users/AnthonyMLaptop/.gradle/caches/minecraft/assets, --assetIndex, 1.11, --userType, mojang, --accessToken{REDACTED}, --version, 1.11.2, --uuid, 662a4856593c412ea148acf5d829ef56, --username, Tony_De_Tiger, --tweakClass, net.minecraftforge.fml.common.launcher.FMLTweaker, --tweakClass, net.minecraftforge.gradle.tweakers.CoremodTweaker]
[18:34:12] [main/INFO] [LaunchWrapper]: Loading tweak class name net.minecraftforge.fml.common.launcher.FMLTweaker
[18:34:12] [main/INFO] [LaunchWrapper]: Using primary tweak class name net.minecraftforge.fml.common.launcher.FMLTweaker
[18:34:12] [main/INFO] [LaunchWrapper]: Loading tweak class name net.minecraftforge.gradle.tweakers.CoremodTweaker
[18:34:12] [main/INFO] [LaunchWrapper]: Calling tweak class net.minecraftforge.fml.common.launcher.FMLTweaker
[18:40:35] [main/INFO] [GradleStart]: username: anthonymendez9@gmail.com
[18:40:35] [main/INFO] [GradleStart]: Extra: []
[18:40:35] [main/INFO] [GradleStart]: Password found, attempting login
[18:40:39] [main/INFO] [GradleStart]: Login Succesful!
[18:40:40] [main/INFO] [GradleStart]: Running with arguments: [--userProperties, [], --assetsDir, C:/Users/AnthonyMLaptop/.gradle/caches/minecraft/assets, --assetIndex, 1.11, --userType, mojang, --accessToken{REDACTED}, --version, 1.11.2, --uuid, 662a4856593c412ea148acf5d829ef56, --username, Tony_De_Tiger, --tweakClass, net.minecraftforge.fml.common.launcher.FMLTweaker, --tweakClass, net.minecraftforge.gradle.tweakers.CoremodTweaker]
[18:40:40] [main/INFO] [LaunchWrapper]: Loading tweak class name net.minecraftforge.fml.common.launcher.FMLTweaker
[18:40:40] [main/INFO] [LaunchWrapper]: Using primary tweak class name net.minecraftforge.fml.common.launcher.FMLTweaker
[18:40:40] [main/INFO] [LaunchWrapper]: Loading tweak class name net.minecraftforge.gradle.tweakers.CoremodTweaker
[18:40:40] [main/INFO] [LaunchWrapper]: Calling tweak class net.minecraftforge.fml.common.launcher.FMLTweaker
[18:49:48] [main/INFO] [GradleStart]: username: anthonymendez9@gmail.com
[18:49:48] [main/INFO] [GradleStart]: Extra: []
[18:49:48] [main/INFO] [GradleStart]: Password found, attempting login
[18:49:49] [main/INFO] [GradleStart]: Login Succesful!
[18:49:49] [main/INFO] [GradleStart]: Running with arguments: [--userProperties, [], --assetsDir, C:/Users/AnthonyMLaptop/.gradle/caches/minecraft/assets, --assetIndex, 1.11, --userType, mojang, --accessToken{REDACTED}, --version, 1.11.2, --uuid, 662a4856593c412ea148acf5d829ef56, --username, Tony_De_Tiger, --tweakClass, net.minecraftforge.fml.common.launcher.FMLTweaker, --tweakClass, net.minecraftforge.gradle.tweakers.CoremodTweaker]
[18:49:49] [main/INFO] [LaunchWrapper]: Loading tweak class name net.minecraftforge.fml.common.launcher.FMLTweaker
[18:49:49] [main/INFO] [LaunchWrapper]: Using primary tweak class name net.minecraftforge.fml.common.launcher.FMLTweaker
[18:49:49] [main/INFO] [LaunchWrapper]: Loading tweak class name net.minecraftforge.gradle.tweakers.CoremodTweaker
[18:49:49] [main/INFO] [LaunchWrapper]: Calling tweak class net.minecraftforge.fml.common.launcher.FMLTweaker
[18:53:31] [main/INFO] [GradleStart]: username: anthonymendez9@gmail.com
[18:53:31] [main/INFO] [GradleStart]: Extra: []
[18:53:31] [main/INFO] [GradleStart]: Password found, attempting login
[18:53:32] [main/INFO] [GradleStart]: Login Succesful!
[18:53:32] [main/INFO] [GradleStart]: Running with arguments: [--userProperties, [], --assetsDir, C:/Users/AnthonyMLaptop/.gradle/caches/minecraft/assets, --assetIndex, 1.11, --userType, mojang, --accessToken{REDACTED}, --version, 1.11.2, --uuid, 662a4856593c412ea148acf5d829ef56, --username, Tony_De_Tiger, --tweakClass, net.minecraftforge.fml.common.launcher.FMLTweaker, --tweakClass, net.minecraftforge.gradle.tweakers.CoremodTweaker]
[18:53:33] [main/INFO] [LaunchWrapper]: Loading tweak class name net.minecraftforge.fml.common.launcher.FMLTweaker
[18:53:33] [main/INFO] [LaunchWrapper]: Using primary tweak class name net.minecraftforge.fml.common.launcher.FMLTweaker
[18:53:33] [main/INFO] [LaunchWrapper]: Loading tweak class name net.minecraftforge.gradle.tweakers.CoremodTweaker
[18:53:33] [main/INFO] [LaunchWrapper]: Calling tweak class net.minecraftforge.fml.common.launcher.FMLTweaker
[18:56:17] [main/INFO] [GradleStart]: username: anthonymendez9@gmail.com
[18:56:17] [main/INFO] [GradleStart]: Extra: []
[18:56:17] [main/INFO] [GradleStart]: Password found, attempting login
[18:56:20] [main/INFO] [GradleStart]: Login Succesful!
[18:56:20] [main/INFO] [GradleStart]: Running with arguments: [--userProperties, [], --assetsDir, C:/Users/AnthonyMLaptop/.gradle/caches/minecraft/assets, --assetIndex, 1.11, --userType, mojang, --accessToken{REDACTED}, --version, 1.11.2, --uuid, 662a4856593c412ea148acf5d829ef56, --username, Tony_De_Tiger, --tweakClass, net.minecraftforge.fml.common.launcher.FMLTweaker, --tweakClass, net.minecraftforge.gradle.tweakers.CoremodTweaker]
[18:56:20] [main/INFO] [LaunchWrapper]: Loading tweak class name net.minecraftforge.fml.common.launcher.FMLTweaker
[18:56:20] [main/INFO] [LaunchWrapper]: Using primary tweak class name net.minecraftforge.fml.common.launcher.FMLTweaker
[18:56:20] [main/INFO] [LaunchWrapper]: Loading tweak class name net.minecraftforge.gradle.tweakers.CoremodTweaker
[18:56:20] [main/INFO] [LaunchWrapper]: Calling tweak class net.minecraftforge.fml.common.launcher.FMLTweaker
[19:29:17] [main/INFO] [GradleStart]: username: anthonymendez9@gmail.com
[19:29:17] [main/INFO] [GradleStart]: Extra: []
[19:29:17] [main/INFO] [GradleStart]: Password found, attempting login
[19:29:18] [main/INFO] [GradleStart]: Login Succesful!
[19:29:18] [main/INFO] [GradleStart]: Running with arguments: [--userProperties, [], --assetsDir, C:/Users/AnthonyMLaptop/.gradle/caches/minecraft/assets, --assetIndex, 1.11, --userType, mojang, --accessToken{REDACTED}, --version, 1.11.2, --uuid, 662a4856593c412ea148acf5d829ef56, --username, Tony_De_Tiger, --tweakClass, net.minecraftforge.fml.common.launcher.FMLTweaker, --tweakClass, net.minecraftforge.gradle.tweakers.CoremodTweaker]
[19:29:18] [main/INFO] [LaunchWrapper]: Loading tweak class name net.minecraftforge.fml.common.launcher.FMLTweaker
[19:29:18] [main/INFO] [LaunchWrapper]: Using primary tweak class name net.minecraftforge.fml.common.launcher.FMLTweaker
[19:29:18] [main/INFO] [LaunchWrapper]: Loading tweak class name net.minecraftforge.gradle.tweakers.CoremodTweaker
[19:29:18] [main/INFO] [LaunchWrapper]: Calling tweak class net.minecraftforge.fml.common.launcher.FMLTweaker
[19:35:26] [main/INFO] [GradleStart]: username: anthonymendez9@gmail.com
[19:35:26] [main/INFO] [GradleStart]: Extra: []
[19:35:26] [main/INFO] [GradleStart]: Password found, attempting login
[19:35:28] [main/INFO] [GradleStart]: Login Succesful!
[19:35:28] [main/INFO] [GradleStart]: Running with arguments: [--userProperties, [], --assetsDir, C:/Users/AnthonyMLaptop/.gradle/caches/minecraft/assets, --assetIndex, 1.11, --userType, mojang, --accessToken{REDACTED}, --version, 1.11.2, --uuid, 662a4856593c412ea148acf5d829ef56, --username, Tony_De_Tiger, --tweakClass, net.minecraftforge.fml.common.launcher.FMLTweaker, --tweakClass, net.minecraftforge.gradle.tweakers.CoremodTweaker]
[19:35:28] [main/INFO] [LaunchWrapper]: Loading tweak class name net.minecraftforge.fml.common.launcher.FMLTweaker
[19:35:28] [main/INFO] [LaunchWrapper]: Using primary tweak class name net.minecraftforge.fml.common.launcher.FMLTweaker
[19:35:28] [main/INFO] [LaunchWrapper]: Loading tweak class name net.minecraftforge.gradle.tweakers.CoremodTweaker
[19:35:28] [main/INFO] [LaunchWrapper]: Calling tweak class net.minecraftforge.fml.common.launcher.FMLTweaker
[22:46:18] [main/INFO] [GradleStart]: username: anthonymendez9@gmail.com
[22:46:18] [main/INFO] [GradleStart]: Extra: []
[22:46:18] [main/INFO] [GradleStart]: Password found, attempting login
[22:46:19] [main/INFO] [GradleStart]: Login Succesful!
[22:46:19] [main/INFO] [GradleStart]: Running with arguments: [--userProperties, [], --assetsDir, C:/Users/AnthonyMLaptop/.gradle/caches/minecraft/assets, --assetIndex, 1.11, --userType, mojang, --accessToken{REDACTED}, --version, 1.11.2, --uuid, 662a4856593c412ea148acf5d829ef56, --username, Tony_De_Tiger, --tweakClass, net.minecraftforge.fml.common.launcher.FMLTweaker, --tweakClass, net.minecraftforge.gradle.tweakers.CoremodTweaker]
[22:46:19] [main/INFO] [LaunchWrapper]: Loading tweak class name net.minecraftforge.fml.common.launcher.FMLTweaker
[22:46:19] [main/INFO] [LaunchWrapper]: Using primary tweak class name net.minecraftforge.fml.common.launcher.FMLTweaker
[22:46:19] [main/INFO] [LaunchWrapper]: Loading tweak class name net.minecraftforge.gradle.tweakers.CoremodTweaker
[22:46:19] [main/INFO] [LaunchWrapper]: Calling tweak class net.minecraftforge.fml.common.launcher.FMLTweaker
[22:51:06] [main/INFO] [GradleStart]: username: anthonymendez9@gmail.com
[22:51:06] [main/INFO] [GradleStart]: Extra: []
[22:51:06] [main/INFO] [GradleStart]: Password found, attempting login
[22:51:08] [main/INFO] [GradleStart]: Login Succesful!
[22:51:08] [main/INFO] [GradleStart]: Running with arguments: [--userProperties, [], --assetsDir, C:/Users/AnthonyMLaptop/.gradle/caches/minecraft/assets, --assetIndex, 1.11, --userType, mojang, --accessToken{REDACTED}, --version, 1.11.2, --uuid, 662a4856593c412ea148acf5d829ef56, --username, Tony_De_Tiger, --tweakClass, net.minecraftforge.fml.common.launcher.FMLTweaker, --tweakClass, net.minecraftforge.gradle.tweakers.CoremodTweaker]
[22:51:08] [main/INFO] [LaunchWrapper]: Loading tweak class name net.minecraftforge.fml.common.launcher.FMLTweaker
[22:51:08] [main/INFO] [LaunchWrapper]: Using primary tweak class name net.minecraftforge.fml.common.launcher.FMLTweaker
[22:51:08] [main/INFO] [LaunchWrapper]: Loading tweak class name net.minecraftforge.gradle.tweakers.CoremodTweaker
[22:51:08] [main/INFO] [LaunchWrapper]: Calling tweak class net.minecraftforge.fml.common.launcher.FMLTweaker
[22:55:05] [main/INFO] [GradleStart]: username: anthonymendez9@gmail.com
[22:55:05] [main/INFO] [GradleStart]: Extra: []
[22:55:05] [main/INFO] [GradleStart]: Password found, attempting login
[22:55:07] [main/INFO] [GradleStart]: Login Succesful!
[22:55:07] [main/INFO] [GradleStart]: Running with arguments: [--userProperties, [], --assetsDir, C:/Users/AnthonyMLaptop/.gradle/caches/minecraft/assets, --assetIndex, 1.11, --userType, mojang, --accessToken{REDACTED}, --version, 1.11.2, --uuid, 662a4856593c412ea148acf5d829ef56, --username, Tony_De_Tiger, --tweakClass, net.minecraftforge.fml.common.launcher.FMLTweaker, --tweakClass, net.minecraftforge.gradle.tweakers.CoremodTweaker]
[22:55:07] [main/INFO] [LaunchWrapper]: Loading tweak class name net.minecraftforge.fml.common.launcher.FMLTweaker
[22:55:07] [main/INFO] [LaunchWrapper]: Using primary tweak class name net.minecraftforge.fml.common.launcher.FMLTweaker
[22:55:07] [main/INFO] [LaunchWrapper]: Loading tweak class name net.minecraftforge.gradle.tweakers.CoremodTweaker
[22:55:07] [main/INFO] [LaunchWrapper]: Calling tweak class net.minecraftforge.fml.common.launcher.FMLTweaker
[22:57:55] [main/INFO] [GradleStart]: username: anthonymendez9@gmail.com
[22:57:55] [main/INFO] [GradleStart]: Extra: []
[22:57:55] [main/INFO] [GradleStart]: Password found, attempting login
[22:57:57] [main/INFO] [GradleStart]: Login Succesful!
[22:57:57] [main/INFO] [GradleStart]: Running with arguments: [--userProperties, [], --assetsDir, C:/Users/AnthonyMLaptop/.gradle/caches/minecraft/assets, --assetIndex, 1.11, --userType, mojang, --accessToken{REDACTED}, --version, 1.11.2, --uuid, 662a4856593c412ea148acf5d829ef56, --username, Tony_De_Tiger, --tweakClass, net.minecraftforge.fml.common.launcher.FMLTweaker, --tweakClass, net.minecraftforge.gradle.tweakers.CoremodTweaker]
[22:57:57] [main/INFO] [LaunchWrapper]: Loading tweak class name net.minecraftforge.fml.common.launcher.FMLTweaker
[22:57:57] [main/INFO] [LaunchWrapper]: Using primary tweak class name net.minecraftforge.fml.common.launcher.FMLTweaker
[22:57:57] [main/INFO] [LaunchWrapper]: Loading tweak class name net.minecraftforge.gradle.tweakers.CoremodTweaker
[22:57:57] [main/INFO] [LaunchWrapper]: Calling tweak class net.minecraftforge.fml.common.launcher.FMLTweaker
[23:01:35] [main/INFO] [GradleStart]: username: anthonymendez9@gmail.com
[23:01:35] [main/INFO] [GradleStart]: Extra: []
[23:01:35] [main/INFO] [GradleStart]: Password found, attempting login
[23:01:36] [main/INFO] [GradleStart]: Login Succesful!
[23:01:36] [main/INFO] [GradleStart]: Running with arguments: [--userProperties, [], --assetsDir, C:/Users/AnthonyMLaptop/.gradle/caches/minecraft/assets, --assetIndex, 1.11, --userType, mojang, --accessToken{REDACTED}, --version, 1.11.2, --uuid, 662a4856593c412ea148acf5d829ef56, --username, Tony_De_Tiger, --tweakClass, net.minecraftforge.fml.common.launcher.FMLTweaker, --tweakClass, net.minecraftforge.gradle.tweakers.CoremodTweaker]
[23:01:36] [main/INFO] [LaunchWrapper]: Loading tweak class name net.minecraftforge.fml.common.launcher.FMLTweaker
[23:01:36] [main/INFO] [LaunchWrapper]: Using primary tweak class name net.minecraftforge.fml.common.launcher.FMLTweaker
[23:01:36] [main/INFO] [LaunchWrapper]: Loading tweak class name net.minecraftforge.gradle.tweakers.CoremodTweaker
[23:01:36] [main/INFO] [LaunchWrapper]: Calling tweak class net.minecraftforge.fml.common.launcher.FMLTweaker
[23:04:32] [main/INFO] [GradleStart]: username: anthonymendez9@gmail.com
[23:04:32] [main/INFO] [GradleStart]: Extra: []
[23:04:32] [main/INFO] [GradleStart]: Password found, attempting login
[23:04:33] [main/INFO] [GradleStart]: Login Succesful!
[23:04:33] [main/INFO] [GradleStart]: Running with arguments: [--userProperties, [], --assetsDir, C:/Users/AnthonyMLaptop/.gradle/caches/minecraft/assets, --assetIndex, 1.11, --userType, mojang, --accessToken{REDACTED}, --version, 1.11.2, --uuid, 662a4856593c412ea148acf5d829ef56, --username, Tony_De_Tiger, --tweakClass, net.minecraftforge.fml.common.launcher.FMLTweaker, --tweakClass, net.minecraftforge.gradle.tweakers.CoremodTweaker]
[23:04:33] [main/INFO] [LaunchWrapper]: Loading tweak class name net.minecraftforge.fml.common.launcher.FMLTweaker
[23:04:33] [main/INFO] [LaunchWrapper]: Using primary tweak class name net.minecraftforge.fml.common.launcher.FMLTweaker
[23:04:33] [main/INFO] [LaunchWrapper]: Loading tweak class name net.minecraftforge.gradle.tweakers.CoremodTweaker
[23:04:33] [main/INFO] [LaunchWrapper]: Calling tweak class net.minecraftforge.fml.common.launcher.FMLTweaker
[23:11:19] [main/INFO] [GradleStart]: username: anthonymendez9@gmail.com
[23:11:19] [main/INFO] [GradleStart]: Extra: []
[23:11:19] [main/INFO] [GradleStart]: Password found, attempting login
[23:11:22] [main/INFO] [GradleStart]: Login Succesful!
[23:11:23] [main/INFO] [GradleStart]: Running with arguments: [--userProperties, [], --assetsDir, C:/Users/AnthonyMLaptop/.gradle/caches/minecraft/assets, --assetIndex, 1.11, --userType, mojang, --accessToken{REDACTED}, --version, 1.11.2, --uuid, 662a4856593c412ea148acf5d829ef56, --username, Tony_De_Tiger, --tweakClass, net.minecraftforge.fml.common.launcher.FMLTweaker, --tweakClass, net.minecraftforge.gradle.tweakers.CoremodTweaker]
[23:11:23] [main/INFO] [LaunchWrapper]: Loading tweak class name net.minecraftforge.fml.common.launcher.FMLTweaker
[23:11:23] [main/INFO] [LaunchWrapper]: Using primary tweak class name net.minecraftforge.fml.common.launcher.FMLTweaker
[23:11:23] [main/INFO] [LaunchWrapper]: Loading tweak class name net.minecraftforge.gradle.tweakers.CoremodTweaker
[23:11:23] [main/INFO] [LaunchWrapper]: Calling tweak class net.minecraftforge.fml.common.launcher.FMLTweaker
[23:22:19] [main/INFO] [GradleStart]: username: anthonymendez9@gmail.com
[23:22:19] [main/INFO] [GradleStart]: Extra: []
[23:22:19] [main/INFO] [GradleStart]: Password found, attempting login
[23:22:23] [main/INFO] [GradleStart]: Login Succesful!
[23:22:23] [main/INFO] [GradleStart]: Running with arguments: [--userProperties, [], --assetsDir, C:/Users/AnthonyMLaptop/.gradle/caches/minecraft/assets, --assetIndex, 1.11, --userType, mojang, --accessToken{REDACTED}, --version, 1.11.2, --uuid, 662a4856593c412ea148acf5d829ef56, --username, Tony_De_Tiger, --tweakClass, net.minecraftforge.fml.common.launcher.FMLTweaker, --tweakClass, net.minecraftforge.gradle.tweakers.CoremodTweaker]
[23:22:24] [main/INFO] [LaunchWrapper]: Loading tweak class name net.minecraftforge.fml.common.launcher.FMLTweaker
[23:22:24] [main/INFO] [LaunchWrapper]: Using primary tweak class name net.minecraftforge.fml.common.launcher.FMLTweaker
[23:22:24] [main/INFO] [LaunchWrapper]: Loading tweak class name net.minecraftforge.gradle.tweakers.CoremodTweaker
[23:22:24] [main/INFO] [LaunchWrapper]: Calling tweak class net.minecraftforge.fml.common.launcher.FMLTweaker
[23:31:50] [main/INFO] [GradleStart]: username: anthonymendez9@gmail.com
[23:31:50] [main/INFO] [GradleStart]: Extra: []
[23:31:50] [main/INFO] [GradleStart]: Password found, attempting login
[23:31:52] [main/INFO] [GradleStart]: Login Succesful!
[23:31:52] [main/INFO] [GradleStart]: Running with arguments: [--userProperties, [], --assetsDir, C:/Users/AnthonyMLaptop/.gradle/caches/minecraft/assets, --assetIndex, 1.11, --userType, mojang, --accessToken{REDACTED}, --version, 1.11.2, --uuid, 662a4856593c412ea148acf5d829ef56, --username, Tony_De_Tiger, --tweakClass, net.minecraftforge.fml.common.launcher.FMLTweaker, --tweakClass, net.minecraftforge.gradle.tweakers.CoremodTweaker]
[23:31:52] [main/INFO] [LaunchWrapper]: Loading tweak class name net.minecraftforge.fml.common.launcher.FMLTweaker
[23:31:52] [main/INFO] [LaunchWrapper]: Using primary tweak class name net.minecraftforge.fml.common.launcher.FMLTweaker
[23:31:52] [main/INFO] [LaunchWrapper]: Loading tweak class name net.minecraftforge.gradle.tweakers.CoremodTweaker
[23:31:52] [main/INFO] [LaunchWrapper]: Calling tweak class net.minecraftforge.fml.common.launcher.FMLTweaker
[23:36:04] [main/INFO] [GradleStart]: username: anthonymendez9@gmail.com
[23:36:04] [main/INFO] [GradleStart]: Extra: []
[23:36:04] [main/INFO] [GradleStart]: Password found, attempting login
[23:36:06] [main/INFO] [GradleStart]: Login Succesful!
[23:36:06] [main/INFO] [GradleStart]: Running with arguments: [--userProperties, [], --assetsDir, C:/Users/AnthonyMLaptop/.gradle/caches/minecraft/assets, --assetIndex, 1.11, --userType, mojang, --accessToken{REDACTED}, --version, 1.11.2, --uuid, 662a4856593c412ea148acf5d829ef56, --username, Tony_De_Tiger, --tweakClass, net.minecraftforge.fml.common.launcher.FMLTweaker, --tweakClass, net.minecraftforge.gradle.tweakers.CoremodTweaker]
[23:36:06] [main/INFO] [LaunchWrapper]: Loading tweak class name net.minecraftforge.fml.common.launcher.FMLTweaker
[23:36:06] [main/INFO] [LaunchWrapper]: Using primary tweak class name net.minecraftforge.fml.common.launcher.FMLTweaker
[23:36:06] [main/INFO] [LaunchWrapper]: Loading tweak class name net.minecraftforge.gradle.tweakers.CoremodTweaker
[23:36:06] [main/INFO] [LaunchWrapper]: Calling tweak class net.minecraftforge.fml.common.launcher.FMLTweaker
[23:53:40] [main/INFO] [GradleStart]: username: anthonymendez9@gmail.com
[23:53:40] [main/INFO] [GradleStart]: Extra: []
[23:53:40] [main/INFO] [GradleStart]: Password found, attempting login
[23:53:42] [main/INFO] [GradleStart]: Login Succesful!
[23:53:42] [main/INFO] [GradleStart]: Running with arguments: [--userProperties, [], --assetsDir, C:/Users/AnthonyMLaptop/.gradle/caches/minecraft/assets, --assetIndex, 1.11, --userType, mojang, --accessToken{REDACTED}, --version, 1.11.2, --uuid, 662a4856593c412ea148acf5d829ef56, --username, Tony_De_Tiger, --tweakClass, net.minecraftforge.fml.common.launcher.FMLTweaker, --tweakClass, net.minecraftforge.gradle.tweakers.CoremodTweaker]
[23:53:42] [main/INFO] [LaunchWrapper]: Loading tweak class name net.minecraftforge.fml.common.launcher.FMLTweaker
[23:53:42] [main/INFO] [LaunchWrapper]: Using primary tweak class name net.minecraftforge.fml.common.launcher.FMLTweaker
[23:53:42] [main/INFO] [LaunchWrapper]: Loading tweak class name net.minecraftforge.gradle.tweakers.CoremodTweaker
[23:53:42] [main/INFO] [LaunchWrapper]: Calling tweak class net.minecraftforge.fml.common.launcher.FMLTweaker
[00:21:53] [main/INFO] [GradleStart]: username: anthonymendez9@gmail.com
[00:21:53] [main/INFO] [GradleStart]: Extra: []
[00:21:53] [main/INFO] [GradleStart]: Password found, attempting login
[00:21:55] [main/INFO] [GradleStart]: Login Succesful!
[00:21:55] [main/INFO] [GradleStart]: Running with arguments: [--userProperties, [], --assetsDir, C:/Users/AnthonyMLaptop/.gradle/caches/minecraft/assets, --assetIndex, 1.11, --userType, mojang, --accessToken{REDACTED}, --version, 1.11.2, --uuid, 662a4856593c412ea148acf5d829ef56, --username, Tony_De_Tiger, --tweakClass, net.minecraftforge.fml.common.launcher.FMLTweaker, --tweakClass, net.minecraftforge.gradle.tweakers.CoremodTweaker]
[00:21:56] [main/INFO] [LaunchWrapper]: Loading tweak class name net.minecraftforge.fml.common.launcher.FMLTweaker
[00:21:56] [main/INFO] [LaunchWrapper]: Using primary tweak class name net.minecraftforge.fml.common.launcher.FMLTweaker
[00:21:56] [main/INFO] [LaunchWrapper]: Loading tweak class name net.minecraftforge.gradle.tweakers.CoremodTweaker
[00:21:56] [main/INFO] [LaunchWrapper]: Calling tweak class net.minecraftforge.fml.common.launcher.FMLTweaker
[00:35:18] [main/INFO] [GradleStart]: username: anthonymendez9@gmail.com
[00:35:18] [main/INFO] [GradleStart]: Extra: []
[00:35:18] [main/INFO] [GradleStart]: Password found, attempting login
[00:35:20] [main/INFO] [GradleStart]: Login Succesful!
[00:35:20] [main/INFO] [GradleStart]: Running with arguments: [--userProperties, [], --assetsDir, C:/Users/AnthonyMLaptop/.gradle/caches/minecraft/assets, --assetIndex, 1.11, --userType, mojang, --accessToken{REDACTED}, --version, 1.11.2, --uuid, 662a4856593c412ea148acf5d829ef56, --username, Tony_De_Tiger, --tweakClass, net.minecraftforge.fml.common.launcher.FMLTweaker, --tweakClass, net.minecraftforge.gradle.tweakers.CoremodTweaker]
[00:35:20] [main/INFO] [LaunchWrapper]: Loading tweak class name net.minecraftforge.fml.common.launcher.FMLTweaker
[00:35:20] [main/INFO] [LaunchWrapper]: Using primary tweak class name net.minecraftforge.fml.common.launcher.FMLTweaker
[00:35:20] [main/INFO] [LaunchWrapper]: Loading tweak class name net.minecraftforge.gradle.tweakers.CoremodTweaker
[00:35:20] [main/INFO] [LaunchWrapper]: Calling tweak class net.minecraftforge.fml.common.launcher.FMLTweaker
[00:40:05] [main/INFO] [GradleStart]: username: anthonymendez9@gmail.com
[00:40:05] [main/INFO] [GradleStart]: Extra: []
[00:40:05] [main/INFO] [GradleStart]: Password found, attempting login
[00:40:06] [main/INFO] [GradleStart]: Login Succesful!
[00:40:06] [main/INFO] [GradleStart]: Running with arguments: [--userProperties, [], --assetsDir, C:/Users/AnthonyMLaptop/.gradle/caches/minecraft/assets, --assetIndex, 1.11, --userType, mojang, --accessToken{REDACTED}, --version, 1.11.2, --uuid, 662a4856593c412ea148acf5d829ef56, --username, Tony_De_Tiger, --tweakClass, net.minecraftforge.fml.common.launcher.FMLTweaker, --tweakClass, net.minecraftforge.gradle.tweakers.CoremodTweaker]
[00:40:06] [main/INFO] [LaunchWrapper]: Loading tweak class name net.minecraftforge.fml.common.launcher.FMLTweaker
[00:40:06] [main/INFO] [LaunchWrapper]: Using primary tweak class name net.minecraftforge.fml.common.launcher.FMLTweaker
[00:40:06] [main/INFO] [LaunchWrapper]: Loading tweak class name net.minecraftforge.gradle.tweakers.CoremodTweaker
[00:40:06] [main/INFO] [LaunchWrapper]: Calling tweak class net.minecraftforge.fml.common.launcher.FMLTweaker
[17:12:13] [main/INFO] [GradleStart]: username: anthonymendez9@gmail.com
[17:12:13] [main/INFO] [GradleStart]: Extra: []
[17:12:13] [main/INFO] [GradleStart]: Password found, attempting login
[17:12:16] [main/INFO] [GradleStart]: Login Succesful!
[17:12:16] [main/INFO] [GradleStart]: Running with arguments: [--userProperties, [], --assetsDir, C:/Users/AnthonyMLaptop/.gradle/caches/minecraft/assets, --assetIndex, 1.11, --userType, mojang, --accessToken{REDACTED}, --version, 1.11.2, --uuid, 662a4856593c412ea148acf5d829ef56, --username, Tony_De_Tiger, --tweakClass, net.minecraftforge.fml.common.launcher.FMLTweaker, --tweakClass, net.minecraftforge.gradle.tweakers.CoremodTweaker]
[17:12:16] [main/INFO] [LaunchWrapper]: Loading tweak class name net.minecraftforge.fml.common.launcher.FMLTweaker
[17:12:17] [main/INFO] [LaunchWrapper]: Using primary tweak class name net.minecraftforge.fml.common.launcher.FMLTweaker
[17:12:17] [main/INFO] [LaunchWrapper]: Loading tweak class name net.minecraftforge.gradle.tweakers.CoremodTweaker
[17:12:17] [main/INFO] [LaunchWrapper]: Calling tweak class net.minecraftforge.fml.common.launcher.FMLTweaker
[17:14:56] [main/INFO] [GradleStart]: username: anthonymendez9@gmail.com
[17:14:56] [main/INFO] [GradleStart]: Extra: []
[17:14:56] [main/INFO] [GradleStart]: Password found, attempting login
[17:14:58] [main/INFO] [GradleStart]: Login Succesful!
[17:14:58] [main/INFO] [GradleStart]: Running with arguments: [--userProperties, [], --assetsDir, C:/Users/AnthonyMLaptop/.gradle/caches/minecraft/assets, --assetIndex, 1.11, --userType, mojang, --accessToken{REDACTED}, --version, 1.11.2, --uuid, 662a4856593c412ea148acf5d829ef56, --username, Tony_De_Tiger, --tweakClass, net.minecraftforge.fml.common.launcher.FMLTweaker, --tweakClass, net.minecraftforge.gradle.tweakers.CoremodTweaker]
[17:14:58] [main/INFO] [LaunchWrapper]: Loading tweak class name net.minecraftforge.fml.common.launcher.FMLTweaker
[17:14:58] [main/INFO] [LaunchWrapper]: Using primary tweak class name net.minecraftforge.fml.common.launcher.FMLTweaker
[17:14:58] [main/INFO] [LaunchWrapper]: Loading tweak class name net.minecraftforge.gradle.tweakers.CoremodTweaker
[17:14:58] [main/INFO] [LaunchWrapper]: Calling tweak class net.minecraftforge.fml.common.launcher.FMLTweaker
[17:16:01] [main/INFO] [GradleStart]: username: anthonymendez9@gmail.com
[17:16:01] [main/INFO] [GradleStart]: Extra: []
[17:16:01] [main/INFO] [GradleStart]: Password found, attempting login
[17:16:02] [main/INFO] [GradleStart]: Login Succesful!
[17:16:03] [main/INFO] [GradleStart]: Running with arguments: [--userProperties, [], --assetsDir, C:/Users/AnthonyMLaptop/.gradle/caches/minecraft/assets, --assetIndex, 1.11, --userType, mojang, --accessToken{REDACTED}, --version, 1.11.2, --uuid, 662a4856593c412ea148acf5d829ef56, --username, Tony_De_Tiger, --tweakClass, net.minecraftforge.fml.common.launcher.FMLTweaker, --tweakClass, net.minecraftforge.gradle.tweakers.CoremodTweaker]
[17:16:03] [main/INFO] [LaunchWrapper]: Loading tweak class name net.minecraftforge.fml.common.launcher.FMLTweaker
[17:16:03] [main/INFO] [LaunchWrapper]: Using primary tweak class name net.minecraftforge.fml.common.launcher.FMLTweaker
[17:16:03] [main/INFO] [LaunchWrapper]: Loading tweak class name net.minecraftforge.gradle.tweakers.CoremodTweaker
[17:16:03] [main/INFO] [LaunchWrapper]: Calling tweak class net.minecraftforge.fml.common.launcher.FMLTweaker
[17:23:31] [main/INFO] [GradleStart]: username: anthonymendez9@gmail.com
[17:23:31] [main/INFO] [GradleStart]: Extra: []
[17:23:31] [main/INFO] [GradleStart]: Password found, attempting login
[17:23:33] [main/INFO] [GradleStart]: Login Succesful!
[17:23:33] [main/INFO] [GradleStart]: Running with arguments: [--userProperties, [], --assetsDir, C:/Users/AnthonyMLaptop/.gradle/caches/minecraft/assets, --assetIndex, 1.11, --userType, mojang, --accessToken{REDACTED}, --version, 1.11.2, --uuid, 662a4856593c412ea148acf5d829ef56, --username, Tony_De_Tiger, --tweakClass, net.minecraftforge.fml.common.launcher.FMLTweaker, --tweakClass, net.minecraftforge.gradle.tweakers.CoremodTweaker]
[17:23:33] [main/INFO] [LaunchWrapper]: Loading tweak class name net.minecraftforge.fml.common.launcher.FMLTweaker
[17:23:33] [main/INFO] [LaunchWrapper]: Using primary tweak class name net.minecraftforge.fml.common.launcher.FMLTweaker
[17:23:33] [main/INFO] [LaunchWrapper]: Loading tweak class name net.minecraftforge.gradle.tweakers.CoremodTweaker
[17:23:33] [main/INFO] [LaunchWrapper]: Calling tweak class net.minecraftforge.fml.common.launcher.FMLTweaker
[17:28:33] [main/INFO] [GradleStart]: username: anthonymendez9@gmail.com
[17:28:33] [main/INFO] [GradleStart]: Extra: []
[17:28:33] [main/INFO] [GradleStart]: Password found, attempting login
[17:28:35] [main/INFO] [GradleStart]: Login Succesful!
[17:28:35] [main/INFO] [GradleStart]: Running with arguments: [--userProperties, [], --assetsDir, C:/Users/AnthonyMLaptop/.gradle/caches/minecraft/assets, --assetIndex, 1.11, --userType, mojang, --accessToken{REDACTED}, --version, 1.11.2, --uuid, 662a4856593c412ea148acf5d829ef56, --username, Tony_De_Tiger, --tweakClass, net.minecraftforge.fml.common.launcher.FMLTweaker, --tweakClass, net.minecraftforge.gradle.tweakers.CoremodTweaker]
[17:28:35] [main/INFO] [LaunchWrapper]: Loading tweak class name net.minecraftforge.fml.common.launcher.FMLTweaker
[17:28:35] [main/INFO] [LaunchWrapper]: Using primary tweak class name net.minecraftforge.fml.common.launcher.FMLTweaker
[17:28:35] [main/INFO] [LaunchWrapper]: Loading tweak class name net.minecraftforge.gradle.tweakers.CoremodTweaker
[17:28:35] [main/INFO] [LaunchWrapper]: Calling tweak class net.minecraftforge.fml.common.launcher.FMLTweaker
[19:49:10] [main/INFO] [GradleStart]: username: anthonymendez9@gmail.com
[19:49:10] [main/INFO] [GradleStart]: Extra: []
[19:49:10] [main/INFO] [GradleStart]: Password found, attempting login
[19:49:11] [main/INFO] [GradleStart]: Login Succesful!
[19:49:11] [main/INFO] [GradleStart]: Running with arguments: [--userProperties, [], --assetsDir, C:/Users/AnthonyMLaptop/.gradle/caches/minecraft/assets, --assetIndex, 1.11, --userType, mojang, --accessToken{REDACTED}, --version, 1.11.2, --uuid, 662a4856593c412ea148acf5d829ef56, --username, Tony_De_Tiger, --tweakClass, net.minecraftforge.fml.common.launcher.FMLTweaker, --tweakClass, net.minecraftforge.gradle.tweakers.CoremodTweaker]
[19:49:11] [main/INFO] [LaunchWrapper]: Loading tweak class name net.minecraftforge.fml.common.launcher.FMLTweaker
[19:49:12] [main/INFO] [LaunchWrapper]: Using primary tweak class name net.minecraftforge.fml.common.launcher.FMLTweaker
[19:49:12] [main/INFO] [LaunchWrapper]: Loading tweak class name net.minecraftforge.gradle.tweakers.CoremodTweaker
[19:49:12] [main/INFO] [LaunchWrapper]: Calling tweak class net.minecraftforge.fml.common.launcher.FMLTweaker
[19:55:25] [main/INFO] [GradleStart]: username: anthonymendez9@gmail.com
[19:55:25] [main/INFO] [GradleStart]: Extra: []
[19:55:25] [main/INFO] [GradleStart]: Password found, attempting login
[19:55:26] [main/INFO] [GradleStart]: Login Succesful!
[19:55:27] [main/INFO] [GradleStart]: Running with arguments: [--userProperties, [], --assetsDir, C:/Users/AnthonyMLaptop/.gradle/caches/minecraft/assets, --assetIndex, 1.11, --userType, mojang, --accessToken{REDACTED}, --version, 1.11.2, --uuid, 662a4856593c412ea148acf5d829ef56, --username, Tony_De_Tiger, --tweakClass, net.minecraftforge.fml.common.launcher.FMLTweaker, --tweakClass, net.minecraftforge.gradle.tweakers.CoremodTweaker]
[19:55:27] [main/INFO] [LaunchWrapper]: Loading tweak class name net.minecraftforge.fml.common.launcher.FMLTweaker
[19:55:27] [main/INFO] [LaunchWrapper]: Using primary tweak class name net.minecraftforge.fml.common.launcher.FMLTweaker
[19:55:27] [main/INFO] [LaunchWrapper]: Loading tweak class name net.minecraftforge.gradle.tweakers.CoremodTweaker
[19:55:27] [main/INFO] [LaunchWrapper]: Calling tweak class net.minecraftforge.fml.common.launcher.FMLTweaker
[21:11:55] [main/INFO] [GradleStart]: username: anthonymendez9@gmail.com
[21:11:55] [main/INFO] [GradleStart]: Extra: []
[21:11:55] [main/INFO] [GradleStart]: Password found, attempting login
[21:11:57] [main/INFO] [GradleStart]: Login Succesful!
[21:11:57] [main/INFO] [GradleStart]: Running with arguments: [--userProperties, [], --assetsDir, C:/Users/AnthonyMLaptop/.gradle/caches/minecraft/assets, --assetIndex, 1.11, --userType, mojang, --accessToken{REDACTED}, --version, 1.11.2, --uuid, 662a4856593c412ea148acf5d829ef56, --username, Tony_De_Tiger, --tweakClass, net.minecraftforge.fml.common.launcher.FMLTweaker, --tweakClass, net.minecraftforge.gradle.tweakers.CoremodTweaker]
[21:11:57] [main/INFO] [LaunchWrapper]: Loading tweak class name net.minecraftforge.fml.common.launcher.FMLTweaker
[21:11:57] [main/INFO] [LaunchWrapper]: Using primary tweak class name net.minecraftforge.fml.common.launcher.FMLTweaker
[21:11:57] [main/INFO] [LaunchWrapper]: Loading tweak class name net.minecraftforge.gradle.tweakers.CoremodTweaker
[21:11:57] [main/INFO] [LaunchWrapper]: Calling tweak class net.minecraftforge.fml.common.launcher.FMLTweaker
[21:15:54] [main/INFO] [GradleStart]: username: anthonymendez9@gmail.com
[21:15:54] [main/INFO] [GradleStart]: Extra: []
[21:15:54] [main/INFO] [GradleStart]: Password found, attempting login
[21:15:55] [main/INFO] [GradleStart]: Login Succesful!
[21:15:55] [main/INFO] [GradleStart]: Running with arguments: [--userProperties, [], --assetsDir, C:/Users/AnthonyMLaptop/.gradle/caches/minecraft/assets, --assetIndex, 1.11, --userType, mojang, --accessToken{REDACTED}, --version, 1.11.2, --uuid, 662a4856593c412ea148acf5d829ef56, --username, Tony_De_Tiger, --tweakClass, net.minecraftforge.fml.common.launcher.FMLTweaker, --tweakClass, net.minecraftforge.gradle.tweakers.CoremodTweaker]
[21:15:55] [main/INFO] [LaunchWrapper]: Loading tweak class name net.minecraftforge.fml.common.launcher.FMLTweaker
[21:15:55] [main/INFO] [LaunchWrapper]: Using primary tweak class name net.minecraftforge.fml.common.launcher.FMLTweaker
[21:15:55] [main/INFO] [LaunchWrapper]: Loading tweak class name net.minecraftforge.gradle.tweakers.CoremodTweaker
[21:15:56] [main/INFO] [LaunchWrapper]: Calling tweak class net.minecraftforge.fml.common.launcher.FMLTweaker
[21:18:34] [main/INFO] [GradleStart]: username: anthonymendez9@gmail.com
[21:18:34] [main/INFO] [GradleStart]: Extra: []
[21:18:34] [main/INFO] [GradleStart]: Password found, attempting login
[21:18:35] [main/INFO] [GradleStart]: Login Succesful!
[21:18:35] [main/INFO] [GradleStart]: Running with arguments: [--userProperties, [], --assetsDir, C:/Users/AnthonyMLaptop/.gradle/caches/minecraft/assets, --assetIndex, 1.11, --userType, mojang, --accessToken{REDACTED}, --version, 1.11.2, --uuid, 662a4856593c412ea148acf5d829ef56, --username, Tony_De_Tiger, --tweakClass, net.minecraftforge.fml.common.launcher.FMLTweaker, --tweakClass, net.minecraftforge.gradle.tweakers.CoremodTweaker]
[21:18:35] [main/INFO] [LaunchWrapper]: Loading tweak class name net.minecraftforge.fml.common.launcher.FMLTweaker
[21:18:35] [main/INFO] [LaunchWrapper]: Using primary tweak class name net.minecraftforge.fml.common.launcher.FMLTweaker
[21:18:35] [main/INFO] [LaunchWrapper]: Loading tweak class name net.minecraftforge.gradle.tweakers.CoremodTweaker
[21:18:35] [main/INFO] [LaunchWrapper]: Calling tweak class net.minecraftforge.fml.common.launcher.FMLTweaker
[21:32:37] [main/INFO] [GradleStart]: username: anthonymendez9@gmail.com
[21:32:37] [main/INFO] [GradleStart]: Extra: []
[21:32:37] [main/INFO] [GradleStart]: Password found, attempting login
[21:32:38] [main/INFO] [GradleStart]: Login Succesful!
[21:32:39] [main/INFO] [GradleStart]: Running with arguments: [--userProperties, [], --assetsDir, C:/Users/AnthonyMLaptop/.gradle/caches/minecraft/assets, --assetIndex, 1.11, --userType, mojang, --accessToken{REDACTED}, --version, 1.11.2, --uuid, 662a4856593c412ea148acf5d829ef56, --username, Tony_De_Tiger, --tweakClass, net.minecraftforge.fml.common.launcher.FMLTweaker, --tweakClass, net.minecraftforge.gradle.tweakers.CoremodTweaker]
[21:32:39] [main/INFO] [LaunchWrapper]: Loading tweak class name net.minecraftforge.fml.common.launcher.FMLTweaker
[21:32:39] [main/INFO] [LaunchWrapper]: Using primary tweak class name net.minecraftforge.fml.common.launcher.FMLTweaker
[21:32:39] [main/INFO] [LaunchWrapper]: Loading tweak class name net.minecraftforge.gradle.tweakers.CoremodTweaker
[21:32:39] [main/INFO] [LaunchWrapper]: Calling tweak class net.minecraftforge.fml.common.launcher.FMLTweaker
[21:47:41] [main/INFO] [GradleStart]: username: anthonymendez9@gmail.com
[21:47:41] [main/INFO] [GradleStart]: Extra: []
[21:47:41] [main/INFO] [GradleStart]: Password found, attempting login
[21:47:42] [main/INFO] [GradleStart]: Login Succesful!
[21:47:43] [main/INFO] [GradleStart]: Running with arguments: [--userProperties, [], --assetsDir, C:/Users/AnthonyMLaptop/.gradle/caches/minecraft/assets, --assetIndex, 1.11, --userType, mojang, --accessToken{REDACTED}, --version, 1.11.2, --uuid, 662a4856593c412ea148acf5d829ef56, --username, Tony_De_Tiger, --tweakClass, net.minecraftforge.fml.common.launcher.FMLTweaker, --tweakClass, net.minecraftforge.gradle.tweakers.CoremodTweaker]
[21:47:43] [main/INFO] [LaunchWrapper]: Loading tweak class name net.minecraftforge.fml.common.launcher.FMLTweaker
[21:47:43] [main/INFO] [LaunchWrapper]: Using primary tweak class name net.minecraftforge.fml.common.launcher.FMLTweaker
[21:47:43] [main/INFO] [LaunchWrapper]: Loading tweak class name net.minecraftforge.gradle.tweakers.CoremodTweaker
[21:47:43] [main/INFO] [LaunchWrapper]: Calling tweak class net.minecraftforge.fml.common.launcher.FMLTweaker
[21:59:11] [main/INFO] [GradleStart]: username: anthonymendez9@gmail.com
[21:59:11] [main/INFO] [GradleStart]: Extra: []
[21:59:11] [main/INFO] [GradleStart]: Password found, attempting login
[21:59:13] [main/INFO] [GradleStart]: Login Succesful!
[21:59:13] [main/INFO] [GradleStart]: Running with arguments: [--userProperties, [], --assetsDir, C:/Users/AnthonyMLaptop/.gradle/caches/minecraft/assets, --assetIndex, 1.11, --userType, mojang, --accessToken{REDACTED}, --version, 1.11.2, --uuid, 662a4856593c412ea148acf5d829ef56, --username, Tony_De_Tiger, --tweakClass, net.minecraftforge.fml.common.launcher.FMLTweaker, --tweakClass, net.minecraftforge.gradle.tweakers.CoremodTweaker]
[21:59:13] [main/INFO] [LaunchWrapper]: Loading tweak class name net.minecraftforge.fml.common.launcher.FMLTweaker
[21:59:13] [main/INFO] [LaunchWrapper]: Using primary tweak class name net.minecraftforge.fml.common.launcher.FMLTweaker
[21:59:13] [main/INFO] [LaunchWrapper]: Loading tweak class name net.minecraftforge.gradle.tweakers.CoremodTweaker
[21:59:13] [main/INFO] [LaunchWrapper]: Calling tweak class net.minecraftforge.fml.common.launcher.FMLTweaker
[22:32:47] [main/INFO] [GradleStart]: username: anthonymendez9@gmail.com
[22:32:47] [main/INFO] [GradleStart]: Extra: []
[22:32:47] [main/INFO] [GradleStart]: Password found, attempting login
[22:32:49] [main/INFO] [GradleStart]: Login Succesful!
[22:32:49] [main/INFO] [GradleStart]: Running with arguments: [--userProperties, [], --assetsDir, C:/Users/AnthonyMLaptop/.gradle/caches/minecraft/assets, --assetIndex, 1.11, --userType, mojang, --accessToken{REDACTED}, --version, 1.11.2, --uuid, 662a4856593c412ea148acf5d829ef56, --username, Tony_De_Tiger, --tweakClass, net.minecraftforge.fml.common.launcher.FMLTweaker, --tweakClass, net.minecraftforge.gradle.tweakers.CoremodTweaker]
[22:32:49] [main/INFO] [LaunchWrapper]: Loading tweak class name net.minecraftforge.fml.common.launcher.FMLTweaker
[22:32:49] [main/INFO] [LaunchWrapper]: Using primary tweak class name net.minecraftforge.fml.common.launcher.FMLTweaker
[22:32:49] [main/INFO] [LaunchWrapper]: Loading tweak class name net.minecraftforge.gradle.tweakers.CoremodTweaker
[22:32:49] [main/INFO] [LaunchWrapper]: Calling tweak class net.minecraftforge.fml.common.launcher.FMLTweaker
[22:44:44] [main/INFO] [GradleStart]: username: anthonymendez9@gmail.com
[22:44:44] [main/INFO] [GradleStart]: Extra: []
[22:44:44] [main/INFO] [GradleStart]: Password found, attempting login
[22:44:46] [main/INFO] [GradleStart]: Login Succesful!
[22:44:46] [main/INFO] [GradleStart]: Running with arguments: [--userProperties, [], --assetsDir, C:/Users/AnthonyMLaptop/.gradle/caches/minecraft/assets, --assetIndex, 1.11, --userType, mojang, --accessToken{REDACTED}, --version, 1.11.2, --uuid, 662a4856593c412ea148acf5d829ef56, --username, Tony_De_Tiger, --tweakClass, net.minecraftforge.fml.common.launcher.FMLTweaker, --tweakClass, net.minecraftforge.gradle.tweakers.CoremodTweaker]
[22:44:46] [main/INFO] [LaunchWrapper]: Loading tweak class name net.minecraftforge.fml.common.launcher.FMLTweaker
[22:44:46] [main/INFO] [LaunchWrapper]: Using primary tweak class name net.minecraftforge.fml.common.launcher.FMLTweaker
[22:44:46] [main/INFO] [LaunchWrapper]: Loading tweak class name net.minecraftforge.gradle.tweakers.CoremodTweaker
[22:44:46] [main/INFO] [LaunchWrapper]: Calling tweak class net.minecraftforge.fml.common.launcher.FMLTweaker
[22:48:49] [main/INFO] [GradleStart]: username: anthonymendez9@gmail.com
[22:48:49] [main/INFO] [GradleStart]: Extra: []
[22:48:49] [main/INFO] [GradleStart]: Password found, attempting login
[22:48:51] [main/INFO] [GradleStart]: Login Succesful!
[22:48:51] [main/INFO] [GradleStart]: Running with arguments: [--userProperties, [], --assetsDir, C:/Users/AnthonyMLaptop/.gradle/caches/minecraft/assets, --assetIndex, 1.11, --userType, mojang, --accessToken{REDACTED}, --version, 1.11.2, --uuid, 662a4856593c412ea148acf5d829ef56, --username, Tony_De_Tiger, --tweakClass, net.minecraftforge.fml.common.launcher.FMLTweaker, --tweakClass, net.minecraftforge.gradle.tweakers.CoremodTweaker]
[22:48:51] [main/INFO] [LaunchWrapper]: Loading tweak class name net.minecraftforge.fml.common.launcher.FMLTweaker
[22:48:51] [main/INFO] [LaunchWrapper]: Using primary tweak class name net.minecraftforge.fml.common.launcher.FMLTweaker
[22:48:51] [main/INFO] [LaunchWrapper]: Loading tweak class name net.minecraftforge.gradle.tweakers.CoremodTweaker
[22:48:51] [main/INFO] [LaunchWrapper]: Calling tweak class net.minecraftforge.fml.common.launcher.FMLTweaker
[22:58:48] [main/INFO] [GradleStart]: username: anthonymendez9@gmail.com
[22:58:49] [main/INFO] [GradleStart]: Extra: []
[22:58:49] [main/INFO] [GradleStart]: Password found, attempting login
[22:58:50] [main/INFO] [GradleStart]: Login Succesful!
[22:58:50] [main/INFO] [GradleStart]: Running with arguments: [--userProperties, [], --assetsDir, C:/Users/AnthonyMLaptop/.gradle/caches/minecraft/assets, --assetIndex, 1.11, --userType, mojang, --accessToken{REDACTED}, --version, 1.11.2, --uuid, 662a4856593c412ea148acf5d829ef56, --username, Tony_De_Tiger, --tweakClass, net.minecraftforge.fml.common.launcher.FMLTweaker, --tweakClass, net.minecraftforge.gradle.tweakers.CoremodTweaker]
[22:58:50] [main/INFO] [LaunchWrapper]: Loading tweak class name net.minecraftforge.fml.common.launcher.FMLTweaker
[22:58:50] [main/INFO] [LaunchWrapper]: Using primary tweak class name net.minecraftforge.fml.common.launcher.FMLTweaker
[22:58:50] [main/INFO] [LaunchWrapper]: Loading tweak class name net.minecraftforge.gradle.tweakers.CoremodTweaker
[22:58:50] [main/INFO] [LaunchWrapper]: Calling tweak class net.minecraftforge.fml.common.launcher.FMLTweaker
[19:51:46] [main/INFO] [GradleStart]: username: anthonymendez9@gmail.com
[19:51:46] [main/INFO] [GradleStart]: Extra: []
[19:51:46] [main/INFO] [GradleStart]: Password found, attempting login
[19:51:47] [main/INFO] [GradleStart]: Login Succesful!
[19:51:47] [main/INFO] [GradleStart]: Running with arguments: [--userProperties, [], --assetsDir, C:/Users/AnthonyMLaptop/.gradle/caches/minecraft/assets, --assetIndex, 1.11, --userType, mojang, --accessToken{REDACTED}, --version, 1.11.2, --uuid, 662a4856593c412ea148acf5d829ef56, --username, Tony_De_Tiger, --tweakClass, net.minecraftforge.fml.common.launcher.FMLTweaker, --tweakClass, net.minecraftforge.gradle.tweakers.CoremodTweaker]
[19:51:47] [main/INFO] [LaunchWrapper]: Loading tweak class name net.minecraftforge.fml.common.launcher.FMLTweaker
[19:51:47] [main/INFO] [LaunchWrapper]: Using primary tweak class name net.minecraftforge.fml.common.launcher.FMLTweaker
[19:51:47] [main/INFO] [LaunchWrapper]: Loading tweak class name net.minecraftforge.gradle.tweakers.CoremodTweaker
[19:51:47] [main/INFO] [LaunchWrapper]: Calling tweak class net.minecraftforge.fml.common.launcher.FMLTweaker
[19:57:05] [main/INFO] [GradleStart]: username: anthonymendez9@gmail.com
[19:57:05] [main/INFO] [GradleStart]: Extra: []
[19:57:05] [main/INFO] [GradleStart]: Password found, attempting login
[19:57:06] [main/INFO] [GradleStart]: Login Succesful!
[19:57:06] [main/INFO] [GradleStart]: Running with arguments: [--userProperties, [], --assetsDir, C:/Users/AnthonyMLaptop/.gradle/caches/minecraft/assets, --assetIndex, 1.11, --userType, mojang, --accessToken{REDACTED}, --version, 1.11.2, --uuid, 662a4856593c412ea148acf5d829ef56, --username, Tony_De_Tiger, --tweakClass, net.minecraftforge.fml.common.launcher.FMLTweaker, --tweakClass, net.minecraftforge.gradle.tweakers.CoremodTweaker]
[19:57:06] [main/INFO] [LaunchWrapper]: Loading tweak class name net.minecraftforge.fml.common.launcher.FMLTweaker
[19:57:06] [main/INFO] [LaunchWrapper]: Using primary tweak class name net.minecraftforge.fml.common.launcher.FMLTweaker
[19:57:06] [main/INFO] [LaunchWrapper]: Loading tweak class name net.minecraftforge.gradle.tweakers.CoremodTweaker
[19:57:06] [main/INFO] [LaunchWrapper]: Calling tweak class net.minecraftforge.fml.common.launcher.FMLTweaker
[20:01:44] [main/INFO] [GradleStart]: username: anthonymendez9@gmail.com
[20:01:44] [main/INFO] [GradleStart]: Extra: []
[20:01:44] [main/INFO] [GradleStart]: Password found, attempting login
[20:01:45] [main/INFO] [GradleStart]: Login Succesful!
[20:01:45] [main/INFO] [GradleStart]: Running with arguments: [--userProperties, [], --assetsDir, C:/Users/AnthonyMLaptop/.gradle/caches/minecraft/assets, --assetIndex, 1.11, --userType, mojang, --accessToken{REDACTED}, --version, 1.11.2, --uuid, 662a4856593c412ea148acf5d829ef56, --username, Tony_De_Tiger, --tweakClass, net.minecraftforge.fml.common.launcher.FMLTweaker, --tweakClass, net.minecraftforge.gradle.tweakers.CoremodTweaker]
[20:01:45] [main/INFO] [LaunchWrapper]: Loading tweak class name net.minecraftforge.fml.common.launcher.FMLTweaker
[20:01:45] [main/INFO] [LaunchWrapper]: Using primary tweak class name net.minecraftforge.fml.common.launcher.FMLTweaker
[20:01:45] [main/INFO] [LaunchWrapper]: Loading tweak class name net.minecraftforge.gradle.tweakers.CoremodTweaker
[20:01:45] [main/INFO] [LaunchWrapper]: Calling tweak class net.minecraftforge.fml.common.launcher.FMLTweaker
[20:06:38] [main/INFO] [GradleStart]: username: anthonymendez9@gmail.com
[20:06:38] [main/INFO] [GradleStart]: Extra: []
[20:06:38] [main/INFO] [GradleStart]: Password found, attempting login
[20:06:40] [main/INFO] [GradleStart]: Login Succesful!
[20:06:40] [main/INFO] [GradleStart]: Running with arguments: [--userProperties, [], --assetsDir, C:/Users/AnthonyMLaptop/.gradle/caches/minecraft/assets, --assetIndex, 1.11, --userType, mojang, --accessToken{REDACTED}, --version, 1.11.2, --uuid, 662a4856593c412ea148acf5d829ef56, --username, Tony_De_Tiger, --tweakClass, net.minecraftforge.fml.common.launcher.FMLTweaker, --tweakClass, net.minecraftforge.gradle.tweakers.CoremodTweaker]
[20:06:40] [main/INFO] [LaunchWrapper]: Loading tweak class name net.minecraftforge.fml.common.launcher.FMLTweaker
[20:06:40] [main/INFO] [LaunchWrapper]: Using primary tweak class name net.minecraftforge.fml.common.launcher.FMLTweaker
[20:06:40] [main/INFO] [LaunchWrapper]: Loading tweak class name net.minecraftforge.gradle.tweakers.CoremodTweaker
[20:06:40] [main/INFO] [LaunchWrapper]: Calling tweak class net.minecraftforge.fml.common.launcher.FMLTweaker
[20:09:58] [main/INFO] [GradleStart]: username: anthonymendez9@gmail.com
[20:09:58] [main/INFO] [GradleStart]: Extra: []
[20:09:58] [main/INFO] [GradleStart]: Password found, attempting login
[20:10:02] [main/INFO] [GradleStart]: Login Succesful!
[20:10:03] [main/INFO] [GradleStart]: Running with arguments: [--userProperties, [], --assetsDir, C:/Users/AnthonyMLaptop/.gradle/caches/minecraft/assets, --assetIndex, 1.11, --userType, mojang, --accessToken{REDACTED}, --version, 1.11.2, --uuid, 662a4856593c412ea148acf5d829ef56, --username, Tony_De_Tiger, --tweakClass, net.minecraftforge.fml.common.launcher.FMLTweaker, --tweakClass, net.minecraftforge.gradle.tweakers.CoremodTweaker]
[20:10:03] [main/INFO] [LaunchWrapper]: Loading tweak class name net.minecraftforge.fml.common.launcher.FMLTweaker
[20:10:03] [main/INFO] [LaunchWrapper]: Using primary tweak class name net.minecraftforge.fml.common.launcher.FMLTweaker
[20:10:03] [main/INFO] [LaunchWrapper]: Loading tweak class name net.minecraftforge.gradle.tweakers.CoremodTweaker
[20:10:03] [main/INFO] [LaunchWrapper]: Calling tweak class net.minecraftforge.fml.common.launcher.FMLTweaker
[20:13:25] [main/INFO] [GradleStart]: username: anthonymendez9@gmail.com
[20:13:25] [main/INFO] [GradleStart]: Extra: []
[20:13:25] [main/INFO] [GradleStart]: Password found, attempting login
[20:13:27] [main/INFO] [GradleStart]: Login Succesful!
[20:13:27] [main/INFO] [GradleStart]: Running with arguments: [--userProperties, [], --assetsDir, C:/Users/AnthonyMLaptop/.gradle/caches/minecraft/assets, --assetIndex, 1.11, --userType, mojang, --accessToken{REDACTED}, --version, 1.11.2, --uuid, 662a4856593c412ea148acf5d829ef56, --username, Tony_De_Tiger, --tweakClass, net.minecraftforge.fml.common.launcher.FMLTweaker, --tweakClass, net.minecraftforge.gradle.tweakers.CoremodTweaker]
[20:13:27] [main/INFO] [LaunchWrapper]: Loading tweak class name net.minecraftforge.fml.common.launcher.FMLTweaker
[20:13:27] [main/INFO] [LaunchWrapper]: Using primary tweak class name net.minecraftforge.fml.common.launcher.FMLTweaker
[20:13:27] [main/INFO] [LaunchWrapper]: Loading tweak class name net.minecraftforge.gradle.tweakers.CoremodTweaker
[20:13:27] [main/INFO] [LaunchWrapper]: Calling tweak class net.minecraftforge.fml.common.launcher.FMLTweaker
[20:16:49] [main/INFO] [GradleStart]: username: anthonymendez9@gmail.com
[20:16:49] [main/INFO] [GradleStart]: Extra: []
[20:16:49] [main/INFO] [GradleStart]: Password found, attempting login
[20:16:50] [main/INFO] [GradleStart]: Login Succesful!
[20:16:50] [main/INFO] [GradleStart]: Running with arguments: [--userProperties, [], --assetsDir, C:/Users/AnthonyMLaptop/.gradle/caches/minecraft/assets, --assetIndex, 1.11, --userType, mojang, --accessToken{REDACTED}, --version, 1.11.2, --uuid, 662a4856593c412ea148acf5d829ef56, --username, Tony_De_Tiger, --tweakClass, net.minecraftforge.fml.common.launcher.FMLTweaker, --tweakClass, net.minecraftforge.gradle.tweakers.CoremodTweaker]
[20:16:50] [main/INFO] [LaunchWrapper]: Loading tweak class name net.minecraftforge.fml.common.launcher.FMLTweaker
[20:16:50] [main/INFO] [LaunchWrapper]: Using primary tweak class name net.minecraftforge.fml.common.launcher.FMLTweaker
[20:16:50] [main/INFO] [LaunchWrapper]: Loading tweak class name net.minecraftforge.gradle.tweakers.CoremodTweaker
[20:16:50] [main/INFO] [LaunchWrapper]: Calling tweak class net.minecraftforge.fml.common.launcher.FMLTweaker
[21:30:35] [main/INFO] [GradleStart]: username: anthonymendez9@gmail.com
[21:30:35] [main/INFO] [GradleStart]: Extra: []
[21:30:35] [main/INFO] [GradleStart]: Password found, attempting login
[21:30:36] [main/INFO] [GradleStart]: Login Succesful!
[21:30:36] [main/INFO] [GradleStart]: Running with arguments: [--userProperties, [], --assetsDir, C:/Users/AnthonyMLaptop/.gradle/caches/minecraft/assets, --assetIndex, 1.11, --userType, mojang, --accessToken{REDACTED}, --version, 1.11.2, --uuid, 662a4856593c412ea148acf5d829ef56, --username, Tony_De_Tiger, --tweakClass, net.minecraftforge.fml.common.launcher.FMLTweaker, --tweakClass, net.minecraftforge.gradle.tweakers.CoremodTweaker]
[21:30:36] [main/INFO] [LaunchWrapper]: Loading tweak class name net.minecraftforge.fml.common.launcher.FMLTweaker
[21:30:36] [main/INFO] [LaunchWrapper]: Using primary tweak class name net.minecraftforge.fml.common.launcher.FMLTweaker
[21:30:36] [main/INFO] [LaunchWrapper]: Loading tweak class name net.minecraftforge.gradle.tweakers.CoremodTweaker
[21:30:36] [main/INFO] [LaunchWrapper]: Calling tweak class net.minecraftforge.fml.common.launcher.FMLTweaker
[21:34:50] [main/INFO] [GradleStart]: username: anthonymendez9@gmail.com
[21:34:50] [main/INFO] [GradleStart]: Extra: []
[21:34:50] [main/INFO] [GradleStart]: Password found, attempting login
[21:34:52] [main/INFO] [GradleStart]: Login Succesful!
[21:34:52] [main/INFO] [GradleStart]: Running with arguments: [--userProperties, [], --assetsDir, C:/Users/AnthonyMLaptop/.gradle/caches/minecraft/assets, --assetIndex, 1.11, --userType, mojang, --accessToken{REDACTED}, --version, 1.11.2, --uuid, 662a4856593c412ea148acf5d829ef56, --username, Tony_De_Tiger, --tweakClass, net.minecraftforge.fml.common.launcher.FMLTweaker, --tweakClass, net.minecraftforge.gradle.tweakers.CoremodTweaker]
[21:34:52] [main/INFO] [LaunchWrapper]: Loading tweak class name net.minecraftforge.fml.common.launcher.FMLTweaker
[21:34:52] [main/INFO] [LaunchWrapper]: Using primary tweak class name net.minecraftforge.fml.common.launcher.FMLTweaker
[21:34:52] [main/INFO] [LaunchWrapper]: Loading tweak class name net.minecraftforge.gradle.tweakers.CoremodTweaker
[21:34:52] [main/INFO] [LaunchWrapper]: Calling tweak class net.minecraftforge.fml.common.launcher.FMLTweaker
[21:52:11] [main/INFO] [GradleStart]: username: anthonymendez9@gmail.com
[21:52:11] [main/INFO] [GradleStart]: Extra: []
[21:52:11] [main/INFO] [GradleStart]: Password found, attempting login
[21:52:13] [main/INFO] [GradleStart]: Login Succesful!
[21:52:13] [main/INFO] [GradleStart]: Running with arguments: [--userProperties, [], --assetsDir, C:/Users/AnthonyMLaptop/.gradle/caches/minecraft/assets, --assetIndex, 1.11, --userType, mojang, --accessToken{REDACTED}, --version, 1.11.2, --uuid, 662a4856593c412ea148acf5d829ef56, --username, Tony_De_Tiger, --tweakClass, net.minecraftforge.fml.common.launcher.FMLTweaker, --tweakClass, net.minecraftforge.gradle.tweakers.CoremodTweaker]
[21:52:13] [main/INFO] [LaunchWrapper]: Loading tweak class name net.minecraftforge.fml.common.launcher.FMLTweaker
[21:52:13] [main/INFO] [LaunchWrapper]: Using primary tweak class name net.minecraftforge.fml.common.launcher.FMLTweaker
[21:52:13] [main/INFO] [LaunchWrapper]: Loading tweak class name net.minecraftforge.gradle.tweakers.CoremodTweaker
[21:52:13] [main/INFO] [LaunchWrapper]: Calling tweak class net.minecraftforge.fml.common.launcher.FMLTweaker
[21:56:09] [main/INFO] [GradleStart]: username: anthonymendez9@gmail.com
[21:56:09] [main/INFO] [GradleStart]: Extra: []
[21:56:09] [main/INFO] [GradleStart]: Password found, attempting login
[21:56:11] [main/INFO] [GradleStart]: Login Succesful!
[21:56:11] [main/INFO] [GradleStart]: Running with arguments: [--userProperties, [], --assetsDir, C:/Users/AnthonyMLaptop/.gradle/caches/minecraft/assets, --assetIndex, 1.11, --userType, mojang, --accessToken{REDACTED}, --version, 1.11.2, --uuid, 662a4856593c412ea148acf5d829ef56, --username, Tony_De_Tiger, --tweakClass, net.minecraftforge.fml.common.launcher.FMLTweaker, --tweakClass, net.minecraftforge.gradle.tweakers.CoremodTweaker]
[21:56:11] [main/INFO] [LaunchWrapper]: Loading tweak class name net.minecraftforge.fml.common.launcher.FMLTweaker
[21:56:11] [main/INFO] [LaunchWrapper]: Using primary tweak class name net.minecraftforge.fml.common.launcher.FMLTweaker
[21:56:11] [main/INFO] [LaunchWrapper]: Loading tweak class name net.minecraftforge.gradle.tweakers.CoremodTweaker
[21:56:11] [main/INFO] [LaunchWrapper]: Calling tweak class net.minecraftforge.fml.common.launcher.FMLTweaker
[21:58:37] [main/INFO] [GradleStart]: username: anthonymendez9@gmail.com
[21:58:37] [main/INFO] [GradleStart]: Extra: []
[21:58:37] [main/INFO] [GradleStart]: Password found, attempting login
[21:58:38] [main/INFO] [GradleStart]: Login Succesful!
[21:58:38] [main/INFO] [GradleStart]: Running with arguments: [--userProperties, [], --assetsDir, C:/Users/AnthonyMLaptop/.gradle/caches/minecraft/assets, --assetIndex, 1.11, --userType, mojang, --accessToken{REDACTED}, --version, 1.11.2, --uuid, 662a4856593c412ea148acf5d829ef56, --username, Tony_De_Tiger, --tweakClass, net.minecraftforge.fml.common.launcher.FMLTweaker, --tweakClass, net.minecraftforge.gradle.tweakers.CoremodTweaker]
[21:58:38] [main/INFO] [LaunchWrapper]: Loading tweak class name net.minecraftforge.fml.common.launcher.FMLTweaker
[21:58:38] [main/INFO] [LaunchWrapper]: Using primary tweak class name net.minecraftforge.fml.common.launcher.FMLTweaker
[21:58:38] [main/INFO] [LaunchWrapper]: Loading tweak class name net.minecraftforge.gradle.tweakers.CoremodTweaker
[21:58:38] [main/INFO] [LaunchWrapper]: Calling tweak class net.minecraftforge.fml.common.launcher.FMLTweaker
