[00:40:05] [main/INFO]: Logging in with username & password
[00:40:13] [Client thread/INFO]: Setting user: Tony_De_Tiger
[00:40:22] [Client thread/WARN]: Skipping bad option: lastServer:
[00:40:22] [Client thread/INFO]: LWJGL Version: 2.9.4
[00:40:24] [Client thread/INFO]: [STDOUT]: ---- Minecraft Crash Report ----
// Who set us up the TNT?

Time: 1/13/17 12:40 AM
Description: Loading screen debug info

This is just a prompt for computer specs to be printed. THIS IS NOT A ERROR


A detailed walkthrough of the error, its code path and all known details is as follows:
---------------------------------------------------------------------------------------

-- System Details --
Details:
	Minecraft Version: 1.11.2
	Operating System: Windows 10 (amd64) version 10.0
	Java Version: 1.8.0_111, Oracle Corporation
	Java VM Version: Java HotSpot(TM) 64-Bit Server VM (mixed mode), Oracle Corporation
	Memory: 92782296 bytes (88 MB) / 331874304 bytes (316 MB) up to 928514048 bytes (885 MB)
	JVM Flags: 0 total; 
	IntCache: cache: 0, tcache: 0, allocated: 0, tallocated: 0
	FML: 
	Loaded coremods (and transformers): 
	GL info: ' Vendor: 'Intel' Version: '4.0.0 - Build 10.18.10.4358' Renderer: 'Intel(R) HD Graphics 4000'
[00:40:34] [Client thread/INFO]: Reloading ResourceManager: Default, FMLFileResourcePack:Forge Mod Loader, FMLFileResourcePack:Minecraft Forge, FMLFileResourcePack:Simple Coins, FMLFileResourcePack:Example Mod
[00:40:48] [Sound Library Loader/INFO]: Starting up SoundSystem...
[00:40:49] [Thread-8/INFO]: Initializing LWJGL OpenAL
[00:40:49] [Thread-8/INFO]: (The LWJGL binding of OpenAL.  For more information, see http://www.lwjgl.org)
[00:40:49] [Thread-8/INFO]: OpenAL initialized.
[00:40:49] [Sound Library Loader/INFO]: Sound engine started
[00:41:03] [Client thread/INFO]: Created: 16x16 textures-atlas
[00:41:08] [Client thread/INFO]: [STDOUT]: DIRT BLOCK >> tile.dirt
[00:41:08] [Client thread/INFO]: Reloading ResourceManager: Default, FMLFileResourcePack:Forge Mod Loader, FMLFileResourcePack:Minecraft Forge, FMLFileResourcePack:Simple Coins, FMLFileResourcePack:Example Mod
[00:41:18] [Client thread/INFO]: SoundSystem shutting down...
[00:41:18] [Client thread/WARN]: Author: Paul Lamb, www.paulscode.com
[00:41:18] [Sound Library Loader/INFO]: Starting up SoundSystem...
[00:41:18] [Thread-10/INFO]: Initializing LWJGL OpenAL
[00:41:18] [Thread-10/INFO]: (The LWJGL binding of OpenAL.  For more information, see http://www.lwjgl.org)
[00:41:18] [Thread-10/INFO]: OpenAL initialized.
[00:41:19] [Sound Library Loader/INFO]: Sound engine started
[00:41:29] [Client thread/INFO]: Created: 512x512 textures-atlas
[00:41:34] [Client thread/WARN]: Skipping bad option: lastServer:
[00:41:46] [Server thread/INFO]: Starting integrated minecraft server version 1.11.2
[00:41:46] [Server thread/INFO]: Generating keypair
[00:41:47] [Server thread/INFO]: Preparing start region for level 0
[00:41:48] [Server thread/INFO]: Preparing spawn area: 48%
[00:41:49] [Server thread/INFO]: Changing view distance to 2, from 10
[00:41:51] [Server thread/INFO]: Tony_De_Tiger[local:E:ca4bc21b] logged in with entity id 81 at (-1503.94957894044, 4.0, 1209.0182449464835)
[00:41:51] [Server thread/INFO]: Tony_De_Tiger joined the game
[00:41:54] [Server thread/INFO]: Saving and pausing game...
[00:41:54] [Server thread/INFO]: Saving chunks for level 'Copy of New World'/Overworld
[00:41:54] [Server thread/INFO]: Saving chunks for level 'Copy of New World'/Nether
[00:41:54] [Server thread/INFO]: Saving chunks for level 'Copy of New World'/The End
[00:42:46] [Client thread/INFO]: Stopping!
[00:42:46] [Server thread/INFO]: Stopping server
[00:42:46] [Server thread/INFO]: Saving players
[00:42:46] [Server thread/INFO]: Saving worlds
[00:42:46] [Server thread/INFO]: Saving chunks for level 'Copy of New World'/Overworld
[00:42:46] [Server thread/INFO]: Saving chunks for level 'Copy of New World'/Nether
[00:42:46] [Server thread/INFO]: Saving chunks for level 'Copy of New World'/The End
[00:42:47] [Client thread/INFO]: SoundSystem shutting down...
[00:42:47] [Client thread/WARN]: Author: Paul Lamb, www.paulscode.com
